[INFO]2018/07/30 14:34:58 D:/GOPATH/src/xcbbrobot/logfile/logfile.go:80: [bbbbbbbbbbbbbb]
[ERROR]2018/07/30 14:34:58 D:/GOPATH/src/xcbbrobot/logfile/logfile.go:107: [ccccccccccccccccccc]
[FATAL]2018/07/30 14:34:58 D:/GOPATH/src/xcbbrobot/logfile/logfile.go:120: [ddddddddddddddddd]
[INFO]2018/07/30 14:38:30 [bbbbbbbbbbbbbb]
[ERROR]2018/07/30 14:38:30 D:/GOPATH/src/xcbbrobot/logfile/logfile.go:107: [ccccccccccccccccccc]
[FATAL]2018/07/30 14:38:30 D:/GOPATH/src/xcbbrobot/logfile/logfile.go:120: [ddddddddddddddddd]
[DEBUG]2018/07/30 14:39:21 [2w2w2w22w2w2w2w2w2w2w2w2]
[DEBUG]2018/07/30 14:39:21 [aaaaaaaaaaaaaa]
[INFO]2018/07/30 14:39:21 [bbbbbbbbbbbbbb]
[ERROR]2018/07/30 14:39:21 D:/GOPATH/src/xcbbrobot/logfile/logfile.go:107: [ccccccccccccccccccc]
[FATAL]2018/07/30 14:39:21 D:/GOPATH/src/xcbbrobot/logfile/logfile.go:120: [ddddddddddddddddd]
[INFO]2018/07/30 16:47:50 [k 10002844 v true]
[INFO]2018/07/30 16:47:50 [k 10002847 v true]
[INFO]2018/07/30 16:47:50 [k 10005259 v true]
[INFO]2018/07/30 16:47:50 [k 10002843 v true]
[INFO]2018/07/30 16:47:50 [k 10002845 v true]
[INFO]2018/07/30 16:49:41 [k 10002845 v true]
[INFO]2018/07/30 16:49:41 [k 10002847 v true]
[INFO]2018/07/30 16:49:41 [k 10002843 v true]
[INFO]2018/07/30 16:49:41 [k 10002844 v true]
[INFO]2018/07/30 16:49:41 [k 10005259 v true]
[INFO]2018/07/30 16:50:08 [k 10002844 v true]
[INFO]2018/07/30 16:50:08 [k 10002847 v true]
[INFO]2018/07/30 16:50:08 [k 10002845 v true]
[INFO]2018/07/30 16:50:08 [k 10005259 v true]
[INFO]2018/07/30 16:50:08 [k 10002843 v true]
[INFO]2018/07/30 16:50:52 [k 10005259 v true]
[INFO]2018/07/30 16:50:52 [k 10002843 v true]
[INFO]2018/07/30 16:50:52 [k 10002845 v true]
[INFO]2018/07/30 16:50:52 [k 10002847 v true]
[INFO]2018/07/30 16:50:52 [k 10002844 v true]
[INFO]2018/07/30 16:51:19 [k 10002843 v true]
[INFO]2018/07/30 16:51:19 [k 10002847 v true]
[INFO]2018/07/30 16:51:19 [k 10005259 v true]
[INFO]2018/07/30 16:51:19 [k 10002845 v true]
[INFO]2018/07/30 16:51:19 [k 10002844 v true]
[INFO]2018/07/30 16:51:36 [k 10002844 v true]
[INFO]2018/07/30 16:51:36 [k 10002845 v true]
[INFO]2018/07/30 16:51:36 [k 10002847 v true]
[INFO]2018/07/30 16:51:36 [k 10002843 v true]
[INFO]2018/07/30 16:51:36 [k 10005259 v true]
[INFO]2018/07/30 16:59:35 [k 10002844 v true]
[INFO]2018/07/30 16:59:35 [k 10005259 v true]
[INFO]2018/07/30 16:59:35 [k 10002845 v true]
[INFO]2018/07/30 16:59:35 [k 10002847 v true]
[INFO]2018/07/30 16:59:35 [k 10002843 v true]
[INFO]2018/07/30 17:00:07 [k 10002843 v true]
[INFO]2018/07/30 17:00:07 [k 10005259 v true]
[INFO]2018/07/30 17:00:07 [k 10002847 v true]
[INFO]2018/07/30 17:00:07 [k 10002844 v true]
[INFO]2018/07/30 17:00:07 [k 10002845 v true]
[INFO]2018/07/30 17:01:18 [k 10002847 v true]
[INFO]2018/07/30 17:01:18 [k 10002843 v true]
[INFO]2018/07/30 17:01:18 [k 10002844 v true]
[INFO]2018/07/30 17:01:18 [k 10005259 v true]
[INFO]2018/07/30 17:01:18 [k 10002845 v true]
