[INFO]2018/09/06 09:24:08 listPath: ../src/xcbbrobot/robotvector/robot_0.list
[INFO]2018/09/06 09:24:08 注册次数: 0 连接conn: 0xc0420b2060  AppRobotConn success. LocalAddr:  192.168.111.72:26291 LocalAddr:  59.110.125.134:30302 发送数据: 23
[INFO]2018/09/06 09:24:28 收到uri:  33538 消息: {26 33538 4 200 0}
[INFO]2018/09/06 09:24:28 消息包内容: {Cmd:0 Sid:102692 Param1:0 Param2:0} 
[INFO]2018/09/06 09:24:28 Decode_PRobotServerCmd::房间:  102692 START
[INFO]2018/09/06 09:24:28 RoomCreate::创建新房间 sid: 102692
[INFO]2018/09/06 09:24:28 PollOrder::机器人 robotId: 10001422 连接conn: 0xc0420b6020 send RobotJoinLen message 当前房间sid: 102692 机器人总数 1
[INFO]2018/09/06 09:24:29 PollOrder::机器人 robotId: 10000753 连接conn: 0xc04211c000 send RobotJoinLen message 当前房间sid: 102692 机器人总数 2
[INFO]2018/09/06 09:24:30 PollOrder::机器人 robotId: 10001026 连接conn: 0xc0420b6040 send RobotJoinLen message 当前房间sid: 102692 机器人总数 3
[INFO]2018/09/06 09:24:32 PollOrder::房间sid: 102692  当前机器人人数 Num: 3
[INFO]2018/09/06 09:24:36 收到uri:  33538 消息: {26 33538 8 200 0}
[INFO]2018/09/06 09:24:36 消息包内容: {Cmd:1 Sid:102692 Param1:0 Param2:0} 
[INFO]2018/09/06 09:24:36 102692 房间机器人数:  3  关闭房间: 102692
[INFO]2018/09/06 09:24:36 RoomDel::房间 sid: 102692 机器人 RobotId: 10001422 关闭连接 conn: 0xc0420b6020
[INFO]2018/09/06 09:24:36 RoomDel::房间 sid: 102692 机器人 RobotId: 10000753 关闭连接 conn: 0xc04211c000
[INFO]2018/09/06 09:24:36 RoomDel::房间 sid: 102692 机器人 RobotId: 10001026 关闭连接 conn: 0xc0420b6040
[INFO]2018/09/06 09:24:36 RoomDel::移除房间 sid: 102692
[INFO]2018/09/06 09:36:20 listPath: ../src/xcbbrobot/robotvector/robot_0.list
[INFO]2018/09/06 09:36:21 注册次数: 0 连接conn: 0xc0420ce060  AppRobotConn success. LocalAddr:  192.168.111.72:26345 LocalAddr:  59.110.125.134:30302 发送数据: 23
[INFO]2018/09/06 09:36:34 收到uri:  33538 消息: {26 33538 5 200 0}
[INFO]2018/09/06 09:36:34 消息包内容: {Cmd:0 Sid:102692 Param1:0 Param2:0} 
[INFO]2018/09/06 09:36:34 Decode_PRobotServerCmd::房间:  102692 START
[INFO]2018/09/06 09:36:34 RoomCreate::创建新房间 sid: 102692
[INFO]2018/09/06 09:36:34 PollOrder::机器人 robotId: 10000177 连接conn: 0xc0420d2030 send RobotJoinLen message 当前房间sid: 102692 机器人总数 1
[INFO]2018/09/06 09:36:35 PollOrder::机器人 robotId: 10001066 连接conn: 0xc0420d2050 send RobotJoinLen message 当前房间sid: 102692 机器人总数 2
[INFO]2018/09/06 09:36:35 PollOrder::机器人 robotId: 10001677 连接conn: 0xc0420d2070 send RobotJoinLen message 当前房间sid: 102692 机器人总数 3
[INFO]2018/09/06 09:36:38 PollOrder::房间sid: 102692  当前机器人人数 Num: 3
[INFO]2018/09/06 09:36:44 PollOrder::房间sid: 102692  当前机器人人数 Num: 3
[INFO]2018/09/06 09:36:50 PollOrder::房间sid: 102692  当前机器人人数 Num: 3
[INFO]2018/09/06 09:36:56 PollOrder::房间sid: 102692  当前机器人人数 Num: 3
[INFO]2018/09/06 09:36:57 收到uri:  33538 消息: {26 33538 9 200 0}
[INFO]2018/09/06 09:36:57 消息包内容: {Cmd:4 Sid:131696 Param1:1 Param2:0} 
[INFO]2018/09/06 09:36:57 用户出场 REMOVE_ROBOT
[INFO]2018/09/06 09:36:57 SidRobotLen:: 房间 sid: 131696  不存在
[INFO]2018/09/06 09:36:57 房间sid: 131696 已经没有机器人
[INFO]2018/09/06 09:37:02 PollOrder::房间sid: 102692  当前机器人人数 Num: 3
[INFO]2018/09/06 09:37:08 PollOrder::房间sid: 102692  当前机器人人数 Num: 3
[INFO]2018/09/06 09:37:14 PollOrder::房间sid: 102692  当前机器人人数 Num: 3
[INFO]2018/09/06 09:39:53 listPath: ../src/xcbbrobot/robotvector/robot_0.list
[INFO]2018/09/06 09:39:53 注册次数: 0 连接conn: 0xc0420ce060  AppRobotConn success. LocalAddr:  192.168.111.72:26360 LocalAddr:  59.110.125.134:30302 发送数据: 23
[INFO]2018/09/06 09:40:04 收到uri:  33538 消息: {26 33538 4 200 0}
[INFO]2018/09/06 09:40:04 消息包内容: {Cmd:0 Sid:102692 Param1:0 Param2:0} 
[INFO]2018/09/06 09:40:04 Decode_PRobotServerCmd::房间:  102692 START
[INFO]2018/09/06 09:40:04 RoomCreate::创建新房间 sid: 102692
[INFO]2018/09/06 09:40:04 PollOrder::机器人 robotId: 10000806 连接conn: 0xc0420d2020 send RobotJoinLen message 当前房间sid: 102692 机器人总数 1
[INFO]2018/09/06 09:40:04 PollOrder::机器人 robotId: 10000314 连接conn: 0xc0420d2040 send RobotJoinLen message 当前房间sid: 102692 机器人总数 2
[INFO]2018/09/06 09:40:05 PollOrder::机器人 robotId: 10000799 连接conn: 0xc0420d2060 send RobotJoinLen message 当前房间sid: 102692 机器人总数 3
[INFO]2018/09/06 09:40:05 PollOrder::房间sid: 102692  当前机器人人数 Num: 3
[INFO]2018/09/06 09:40:11 收到uri:  33538 消息: {26 33538 8 200 0}
[INFO]2018/09/06 09:40:11 消息包内容: {Cmd:1 Sid:102692 Param1:0 Param2:0} 
[INFO]2018/09/06 09:40:11 102692 房间机器人数:  3  关闭房间: 102692
[INFO]2018/09/06 09:40:11 RoomDel::房间 sid: 102692 机器人 RobotId: 10000806 关闭连接 conn: 0xc0420d2020
[INFO]2018/09/06 09:40:11 RoomDel::房间 sid: 102692 机器人 RobotId: 10000314 关闭连接 conn: 0xc0420d2040
[INFO]2018/09/06 09:40:11 RoomDel::房间 sid: 102692 机器人 RobotId: 10000799 关闭连接 conn: 0xc0420d2060
[INFO]2018/09/06 09:40:11 RoomDel::移除房间 sid: 102692
[INFO]2018/09/06 09:46:04 listPath: ../src/xcbbrobot/robotvector/robot_0.list
[INFO]2018/09/06 09:46:04 注册次数: 0 连接conn: 0xc0420ce060  AppRobotConn success. LocalAddr:  192.168.111.72:26380 LocalAddr:  59.110.125.134:30302 发送数据: 23
[INFO]2018/09/06 09:46:10 收到uri:  33538 消息: {26 33538 4 200 0}
[INFO]2018/09/06 09:46:10 消息包内容: {Cmd:0 Sid:102692 Param1:0 Param2:0} 
[INFO]2018/09/06 09:46:10 Decode_PRobotServerCmd::房间:  102692 START
[INFO]2018/09/06 09:46:10 RoomCreate::创建新房间 sid: 102692
[INFO]2018/09/06 09:46:10 PollOrder::机器人 robotId: 10001002 连接conn: 0xc042032020 send RobotJoinLen message 当前房间sid: 102692 机器人总数 1
[INFO]2018/09/06 09:46:10 PollOrder::房间sid: 102692  当前机器人人数 Num: 1
[INFO]2018/09/06 09:46:11 PollOrder::机器人 robotId: 10001424 连接conn: 0xc042032040 send RobotJoinLen message 当前房间sid: 102692 机器人总数 2
[INFO]2018/09/06 09:46:11 PollOrder::机器人 robotId: 10000512 连接conn: 0xc0420d2020 send RobotJoinLen message 当前房间sid: 102692 机器人总数 3
[INFO]2018/09/06 09:46:16 PollOrder::房间sid: 102692  当前机器人人数 Num: 3
[INFO]2018/09/06 09:46:22 PollOrder::房间sid: 102692  当前机器人人数 Num: 3
[INFO]2018/09/06 09:46:28 PollOrder::房间sid: 102692  当前机器人人数 Num: 3
[INFO]2018/09/06 09:46:34 PollOrder::房间sid: 102692  当前机器人人数 Num: 3
[INFO]2018/09/06 09:46:58 listPath: ../src/xcbbrobot/robotvector/robot_0.list
[INFO]2018/09/06 09:46:58 注册次数: 0 连接conn: 0xc0420b4060  AppRobotConn success. LocalAddr:  192.168.111.72:26386 LocalAddr:  59.110.125.134:30302 发送数据: 23
[INFO]2018/09/06 09:47:01 收到uri:  33538 消息: {26 33538 3 200 0}
[INFO]2018/09/06 09:47:01 消息包内容: {Cmd:1 Sid:102692 Param1:0 Param2:0} 
[INFO]2018/09/06 09:47:01 SidRobotLen:: 房间 sid: 102692  不存在
[INFO]2018/09/06 09:47:01 102692 房间机器人数:  0  关闭房间: 102692
[INFO]2018/09/06 09:47:01 RoomDel::房间 sid: 102692  不存在
[INFO]2018/09/06 09:47:08 收到uri:  33538 消息: {26 33538 6 200 0}
[INFO]2018/09/06 09:47:08 消息包内容: {Cmd:0 Sid:102692 Param1:0 Param2:0} 
[INFO]2018/09/06 09:47:08 Decode_PRobotServerCmd::房间:  102692 START
[INFO]2018/09/06 09:47:08 RoomCreate::创建新房间 sid: 102692
[INFO]2018/09/06 09:47:08 PollOrder::机器人 robotId: 10001161 连接conn: 0xc0420b8020 send RobotJoinLen message 当前房间sid: 102692 机器人总数 1
[INFO]2018/09/06 09:47:09 PollOrder::机器人 robotId: 10001374 连接conn: 0xc0420b8040 send RobotJoinLen message 当前房间sid: 102692 机器人总数 2
[INFO]2018/09/06 09:47:10 PollOrder::房间sid: 102692  当前机器人人数 Num: 2
[INFO]2018/09/06 09:47:10 PollOrder::机器人 robotId: 10000403 连接conn: 0xc042032570 send RobotJoinLen message 当前房间sid: 102692 机器人总数 3
[INFO]2018/09/06 09:47:16 PollOrder::房间sid: 102692  当前机器人人数 Num: 3
[INFO]2018/09/06 09:47:22 PollOrder::房间sid: 102692  当前机器人人数 Num: 3
[INFO]2018/09/06 09:47:28 PollOrder::房间sid: 102692  当前机器人人数 Num: 3
[INFO]2018/09/06 09:47:34 PollOrder::房间sid: 102692  当前机器人人数 Num: 3
[INFO]2018/09/06 14:14:07 listPath: ../src/xcbbrobot/robotvector/robot_0.list
[INFO]2018/09/06 14:14:07 注册次数: 0 连接conn: 0xc0420b0060  AppRobotConn success. LocalAddr:  192.168.111.72:28100 LocalAddr:  59.110.125.134:30301 发送数据: 23
[INFO]2018/09/06 14:15:59 RoomClean:: 清理所有房间
[INFO]2018/09/06 14:30:32 listPath: ../src/xcbbrobot/robotvector/robot_0.list
[INFO]2018/09/06 14:30:32 注册次数: 0 连接conn: 0xc0420c8060  AppRobotConn success. LocalAddr:  192.168.111.72:28148 LocalAddr:  59.110.125.134:30301 发送数据: 23
[INFO]2018/09/06 14:30:40 RoomClean:: 清理所有房间
[INFO]2018/09/06 15:00:07 listPath: ../src/xcbbrobot/robotvector/robot_0.list
[INFO]2018/09/06 15:00:07 注册次数: 0 连接conn: 0xc0420c8060  AppRobotConn success. LocalAddr:  192.168.111.72:28294 LocalAddr:  59.110.125.134:30301 发送数据: 23
[INFO]2018/09/06 15:00:20 RoomClean:: 清理所有房间
[INFO]2018/09/06 15:02:19 listPath: ../src/xcbbrobot/robotvector/robot_0.list
[INFO]2018/09/06 15:02:19 注册次数: 0 连接conn: 0xc0420c8060  AppRobotConn success. LocalAddr:  192.168.111.72:28298 LocalAddr:  59.110.125.134:30301 发送数据: 23
[INFO]2018/09/06 15:02:21 RoomClean:: 清理所有房间
[INFO]2018/09/06 15:29:17 listPath: ../src/xcbbrobot/robotvector/robot_0.list
[INFO]2018/09/06 15:29:17 注册次数: 0 连接conn: 0xc0420c8060  AppRobotConn success. LocalAddr:  192.168.111.72:28382 LocalAddr:  59.110.125.134:30301 发送数据: 23
[INFO]2018/09/06 15:29:24 RoomClean:: 清理所有房间
